# JRE version: OpenJDK Runtime Environment (8.0_76-b03) (build 1.8.0_76-release-b03)
# Java VM: OpenJDK 64-Bit Server VM (25.76-b03 mixed mode windows-amd64 compressed oops)
Heap:
 PSYoungGen      total 147456K, used 140474K [0x00000000e0000000, 0x00000000e9f00000, 0x0000000100000000)
  eden space 138752K, 94% used [0x00000000e0000000,0x00000000e80b0dd0,0x00000000e8780000)
  from space 8704K, 99% used [0x00000000e9180000,0x00000000e99fdb88,0x00000000e9a00000)
  to   space 10240K, 0% used [0x00000000e8780000,0x00000000e8780000,0x00000000e9180000)
 ParOldGen       total 45568K, used 18741K [0x00000000a0000000, 0x00000000a2c80000, 0x00000000e0000000)
  object space 45568K, 41% used [0x00000000a0000000,0x00000000a124d448,0x00000000a2c80000)
 Metaspace       used 47326K, capacity 48378K, committed 48808K, reserved 1091584K
  class space    used 6255K, capacity 6533K, committed 6576K, reserved 1048576K
GC Heap History (10 events):
Event: 76.285 GC heap before
{Heap before GC invocations=10 (full 1):
 PSYoungGen      total 66560K, used 66458K [0x00000000e0000000, 0x00000000e4c00000, 0x0000000100000000)
  eden space 61952K, 100% used [0x00000000e0000000,0x00000000e3c80000,0x00000000e3c80000)
  from space 4608K, 97% used [0x00000000e4780000,0x00000000e4be6ad0,0x00000000e4c00000)
  to   space 7168K, 0% used [0x00000000e3e00000,0x00000000e3e00000,0x00000000e4500000)
 ParOldGen       total 31232K, used 8705K [0x00000000a0000000, 0x00000000a1e80000, 0x00000000e0000000)
  object space 31232K, 27% used [0x00000000a0000000,0x00000000a08805b8,0x00000000a1e80000)
 Metaspace       used 28038K, capacity 28652K, committed 28848K, reserved 1075200K
  class space    used 3855K, capacity 4002K, committed 4016K, reserved 1048576K
Event: 76.312 GC heap after
Heap after GC invocations=10 (full 1):
 PSYoungGen      total 70656K, used 7148K [0x00000000e0000000, 0x00000000e6c00000, 0x0000000100000000)
  eden space 63488K, 0% used [0x00000000e0000000,0x00000000e0000000,0x00000000e3e00000)
  from space 7168K, 99% used [0x00000000e3e00000,0x00000000e44fb0f8,0x00000000e4500000)
  to   space 8192K, 0% used [0x00000000e6400000,0x00000000e6400000,0x00000000e6c00000)
 ParOldGen       total 31232K, used 8902K [0x00000000a0000000, 0x00000000a1e80000, 0x00000000e0000000)
  object space 31232K, 28% used [0x00000000a0000000,0x00000000a08b1b68,0x00000000a1e80000)
 Metaspace       used 28038K, capacity 28652K, committed 28848K, reserved 1075200K
  class space    used 3855K, capacity 4002K, committed 4016K, reserved 1048576K
}
Event: 84.352 GC heap before
{Heap before GC invocations=11 (full 1):
 PSYoungGen      total 70656K, used 70636K [0x00000000e0000000, 0x00000000e6c00000, 0x0000000100000000)
  eden space 63488K, 100% used [0x00000000e0000000,0x00000000e3e00000,0x00000000e3e00000)
  from space 7168K, 99% used [0x00000000e3e00000,0x00000000e44fb0f8,0x00000000e4500000)
  to   space 8192K, 0% used [0x00000000e6400000,0x00000000e6400000,0x00000000e6c00000)
 ParOldGen       total 31232K, used 8902K [0x00000000a0000000, 0x00000000a1e80000, 0x00000000e0000000)
  object space 31232K, 28% used [0x00000000a0000000,0x00000000a08b1b68,0x00000000a1e80000)
 Metaspace       used 28670K, capacity 29234K, committed 29488K, reserved 1075200K
  class space    used 3891K, capacity 4067K, committed 4144K, reserved 1048576K
Event: 84.364 GC heap after
Heap after GC invocations=11 (full 1):
 PSYoungGen      total 102400K, used 2720K [0x00000000e0000000, 0x00000000e6d00000, 0x0000000100000000)
  eden space 94208K, 0% used [0x00000000e0000000,0x00000000e0000000,0x00000000e5c00000)
  from space 8192K, 33% used [0x00000000e6400000,0x00000000e66a8000,0x00000000e6c00000)
  to   space 8192K, 0% used [0x00000000e5c00000,0x00000000e5c00000,0x00000000e6400000)
 ParOldGen       total 31232K, used 10850K [0x00000000a0000000, 0x00000000a1e80000, 0x00000000e0000000)
  object space 31232K, 34% used [0x00000000a0000000,0x00000000a0a98b98,0x00000000a1e80000)
 Metaspace       used 28670K, capacity 29234K, committed 29488K, reserved 1075200K
  class space    used 3891K, capacity 4067K, committed 4144K, reserved 1048576K
}
Event: 90.978 GC heap before
{Heap before GC invocations=12 (full 1):
 PSYoungGen      total 102400K, used 45200K [0x00000000e0000000, 0x00000000e6d00000, 0x0000000100000000)
  eden space 94208K, 45% used [0x00000000e0000000,0x00000000e297c268,0x00000000e5c00000)
  from space 8192K, 33% used [0x00000000e6400000,0x00000000e66a8000,0x00000000e6c00000)
  to   space 8192K, 0% used [0x00000000e5c00000,0x00000000e5c00000,0x00000000e6400000)
 ParOldGen       total 31232K, used 10850K [0x00000000a0000000, 0x00000000a1e80000, 0x00000000e0000000)
  object space 31232K, 34% used [0x00000000a0000000,0x00000000a0a98b98,0x00000000a1e80000)
 Metaspace       used 34568K, capacity 35252K, committed 35496K, reserved 1079296K
  class space    used 4603K, capacity 4755K, committed 4784K, reserved 1048576K
Event: 91.038 GC heap after
Heap after GC invocations=12 (full 1):
 PSYoungGen      total 102400K, used 6696K [0x00000000e0000000, 0x00000000e9a00000, 0x0000000100000000)
  eden space 94208K, 0% used [0x00000000e0000000,0x00000000e0000000,0x00000000e5c00000)
  from space 8192K, 81% used [0x00000000e5c00000,0x00000000e628a068,0x00000000e6400000)
  to   space 8704K, 0% used [0x00000000e9180000,0x00000000e9180000,0x00000000e9a00000)
 ParOldGen       total 31232K, used 12615K [0x00000000a0000000, 0x00000000a1e80000, 0x00000000e0000000)
  object space 31232K, 40% used [0x00000000a0000000,0x00000000a0c51c68,0x00000000a1e80000)
 Metaspace       used 34568K, capacity 35252K, committed 35496K, reserved 1079296K
  class space    used 4603K, capacity 4755K, committed 4784K, reserved 1048576K
}
Event: 91.038 GC heap before
{Heap before GC invocations=13 (full 2):
 PSYoungGen      total 102400K, used 6696K [0x00000000e0000000, 0x00000000e9a00000, 0x0000000100000000)
  eden space 94208K, 0% used [0x00000000e0000000,0x00000000e0000000,0x00000000e5c00000)
  from space 8192K, 81% used [0x00000000e5c00000,0x00000000e628a068,0x00000000e6400000)
  to   space 8704K, 0% used [0x00000000e9180000,0x00000000e9180000,0x00000000e9a00000)
 ParOldGen       total 31232K, used 12615K [0x00000000a0000000, 0x00000000a1e80000, 0x00000000e0000000)
  object space 31232K, 40% used [0x00000000a0000000,0x00000000a0c51c68,0x00000000a1e80000)
 Metaspace       used 34568K, capacity 35252K, committed 35496K, reserved 1079296K
  class space    used 4603K, capacity 4755K, committed 4784K, reserved 1048576K
Event: 91.249 GC heap after
Heap after GC invocations=13 (full 2):
 PSYoungGen      total 102400K, used 0K [0x00000000e0000000, 0x00000000e9a00000, 0x0000000100000000)
  eden space 94208K, 0% used [0x00000000e0000000,0x00000000e0000000,0x00000000e5c00000)
  from space 8192K, 0% used [0x00000000e5c00000,0x00000000e5c00000,0x00000000e6400000)
  to   space 8704K, 0% used [0x00000000e9180000,0x00000000e9180000,0x00000000e9a00000)
 ParOldGen       total 45568K, used 17807K [0x00000000a0000000, 0x00000000a2c80000, 0x00000000e0000000)
  object space 45568K, 39% used [0x00000000a0000000,0x00000000a1163e68,0x00000000a2c80000)
 Metaspace       used 34541K, capacity 35164K, committed 35496K, reserved 1079296K
  class space    used 4595K, capacity 4747K, committed 4784K, reserved 1048576K
}
Event: 98.905 GC heap before
{Heap before GC invocations=14 (full 2):
 PSYoungGen      total 102400K, used 94208K [0x00000000e0000000, 0x00000000e9a00000, 0x0000000100000000)
  eden space 94208K, 100% used [0x00000000e0000000,0x00000000e5c00000,0x00000000e5c00000)
  from space 8192K, 0% used [0x00000000e5c00000,0x00000000e5c00000,0x00000000e6400000)
  to   space 8704K, 0% used [0x00000000e9180000,0x00000000e9180000,0x00000000e9a00000)
 ParOldGen       total 45568K, used 17807K [0x00000000a0000000, 0x00000000a2c80000, 0x00000000e0000000)
  object space 45568K, 39% used [0x00000000a0000000,0x00000000a1163e68,0x00000000a2c80000)
 Metaspace       used 39060K, capacity 39888K, committed 40232K, reserved 1083392K
  class space    used 5198K, capacity 5380K, committed 5424K, reserved 1048576K
Event: 99.577 GC heap after
Heap after GC invocations=14 (full 2):
 PSYoungGen      total 147456K, used 8694K [0x00000000e0000000, 0x00000000e9f00000, 0x0000000100000000)
  eden space 138752K, 0% used [0x00000000e0000000,0x00000000e0000000,0x00000000e8780000)
  from space 8704K, 99% used [0x00000000e9180000,0x00000000e99fdb88,0x00000000e9a00000)
  to   space 10240K, 0% used [0x00000000e8780000,0x00000000e8780000,0x00000000e9180000)
 ParOldGen       total 45568K, used 18741K [0x00000000a0000000, 0x00000000a2c80000, 0x00000000e0000000)
  object space 45568K, 41% used [0x00000000a0000000,0x00000000a124d448,0x00000000a2c80000)
 Metaspace       used 39060K, capacity 39888K, committed 40232K, reserved 1083392K
  class space    used 5198K, capacity 5380K, committed 5424K, reserved 1048576K
}

